alias clusterdir deflxfile deflyfile zcluster zmodel 
Abell383    abell383    alpha_x_MC_a383.fits    alpha_y_MC_a383.fits   0.187   2.55
Abell1423   abell1423   alpha_x_A1423_2p_20140208_PIEMDeNFW.fits    alpha_y_A1423_2p_20140208_PIEMDeNFW.fits    0.213   2.0
Abell209    abell209    alpha_x_A209_2p63_20130913_PIEMDeNFW.fits   alpha_y_A209_2p63_20130913_PIEMDeNFW.fits   0.206   2.63
Abell2261   abell2261   alpha_x_A2261_4p4_20131108_PIEMDeNFW.fits   alpha_y_A2261_4p4_20131108_PIEMDeNFW.fits   SEG_a2261_MCSpline.fits 0.224   4.4
Abell611    abell611    alpha_x_A611_0p908_20131028_PIEMDeNFW.fits  alpha_y_A611_0p908_20131028_PIEMDeNFW.fits  0.288   0.908
Clj1226 clj1226 alpha_x_CL1226_2p02_20131028_PIEMDeNFW.fits alpha_y_CL1226_2p02_20131028_PIEMDeNFW.fits 0.890   2.2
Macs0329    macs0329    alpha_x_MACS0329_6p18_20131106_PIEMDeNFW.fits   alpha_y_MACS0329_6p18_20131106_PIEMDeNFW.fits   0.450   6.2
Macs0416    macs0416    hlsp_frontier_model_macs0416_zitrin-nfw_v1_x-pixels-deflect.fits    hlsp_frontier_model_macs0416_zitrin-nfw_v1_y-pixels-deflect.fits    0.396   5.0
Macs0429    macs0429    alpha_x_M0429_1p79_20131001_PIEMDeNFW.fits  alpha_y_M0429_1p79_20131001_PIEMDeNFW.fits  0.399   1.79
Macs0647    macs0647    alpha_x_M0647_6p53_20140214_PIEMDeNFW.fits  alpha_y_M0647_6p53_20140214_PIEMDeNFW.fits  0.584   2.4
Macs0717    macs0717    hlsp_frontier_model_macs0717_zitrin-ltm_v1_x-pixels-deflect.fits    hlsp_frontier_model_macs0717_zitrin-ltm_v1_y-pixels-deflect.fits    0.548   5.0
Macs0744    macs0744    alpha_x_M0744_4p31_20140221_PIEMDeNFW.fits  alpha_y_M0744_4p31_20140221_PIEMDeNFW.fits  0.686   4.0
Macs1115    macs1115    alpha_x_M1115_2p84_20130904_PIEMDeNFW.fits  alpha_y_M1115_2p84_20130904_PIEMDeNFW.fits     0.352    2.84
Macs1149    macs1149    hlsp_frontier_model_macs1149_zitrin-ltm_v1_x-pixels-deflect.fits    hlsp_frontier_model_macs1149_zitrin-ltm_v1_y-pixels-deflect.fits    0.544  5.0
Macs1206    macs1206    alpha_x_M1206_1p033_20131020_PIEMDeNFW.fits alpha_y_M1206_1p033_20131020_PIEMDeNFW.fits 0.4385  2.54
Macs1311    macs1311    alpha_x_MACS1311_5p82_20130925_PIEMDeNFW.fits   alpha_y_MACS1311_5p82_20130925_PIEMDeNFW.fits   0.494   5.82
Macs1423    macs1423    alpha_x_Macs1423_2p84_20130615_PIEMDeNFW.fits   alpha_y_Macs1423_2p84_20130615_PIEMDeNFW.fits   0.545   2.84
Macs1720    macs1720    alpha_x_M1720_3p26_20140208_PIEMDeNFW.fits  alpha_y_M1720_3p26_20140208_PIEMDeNFW.fits     0.391    3.26
Macs1931    macs1931    alpha_x_M1931_1p833_20131008_PIEMDeNFW.fits alpha_y_M1931_1p833_20131008_PIEMDeNFW.fits     0.352   1.833
Macs2129    macs2129    alpha_x_M2129_1p364_20140226_PIEMDeNFW.fits alpha_y_M2129_1p364_20140226_PIEMDeNFW.fits 0.570   1.18
Ms2137  ms2137  alpha_x_MS2137_1p501_20131025_PIEMDeNFW.fits    alpha_y_MS2137_1p501_20131025_PIEMDeNFW.fits    0.313   1.501
Rxj1347 rxj1347 alpha_x_RXJ1347_1p75_20140202_PIEMDeNFW.fits    alpha_y_RXJ1347_1p75_20140202_PIEMDeNFW.fits    0.451   2.2
Rxj1532 rxj1532 alpha_x_q13S12_M1532prelim.fits.gz  alpha_y_q13S12_M1532prelim.fits.gz  0.345   2.0
Rxj2129 rxj2129 alpha_x_RXJ2129_1p5221_20130924_PIEMDeNFW.fits  alpha_y_RXJ2129_1p5221_20130924_PIEMDeNFW.fits     0.234    1.5221
Rxj2248 rxj2248 alpha_x_RXJ2248_6p023_20130725_PIEMDeNFW.fits   alpha_y_RXJ2248_6p023_20130725_PIEMDeNFW.fits   0.348   6.023

